This is pdfTeX, Version 3.1415926-2.5-1.40.14 (TeX Live 2013/Debian) (format=latex 2014.10.3)  5 AUG 2015 15:22
entering extended mode
 restricted \write18 enabled.
 %&-line parsing enabled.
**gz_hubble_data.tex
(./gz_hubble_data.tex
LaTeX2e <2011/06/27>
Babel <3.9h> and hyphenation patterns for 78 languages loaded.
(./mn2e.cls
Document Class: mn2e 2001/02/06 v2.2 LaTeX2e MN document class
Document Style `MN' v2.2, released 2001 February 20
\math@groups=\toks14
LaTeX Font Info:    Overwriting symbol font `symbols' in version `bold'
(Font)                  OMS/cmsy/b/n --> OMS/cmsy/b/n on input line 223.
\symbmisymbols=\mathgroup4
\SFB@measure=\dimen102
\realparindent=\skip41
\c@part=\count79
\c@section=\count80
\c@subsection=\count81
\c@subsubsection=\count82
\c@paragraph=\count83
\c@subparagraph=\count84
\@indentskip=\skip42
\smallindent=\skip43
\@footindent=\skip44
\@leftskip=\skip45
\c@dummy=\count85
(/usr/share/texlive/texmf-dist/tex/latex/natbib/natbib.sty
Package: natbib 2010/09/13 8.31b (PWD, AO)
\bibhang=\skip46
\bibsep=\skip47
LaTeX Info: Redefining \cite on input line 694.
\c@NAT@ctr=\count86
)
\c@table=\count87
\c@figure=\count88
\mathindent=\dimen103
)
(/usr/share/texlive/texmf-dist/tex/latex/graphics/epsfig.sty
Package: epsfig 1999/02/16 v1.7a (e)psfig emulation (SPQR)

(/usr/share/texlive/texmf-dist/tex/latex/graphics/graphicx.sty
Package: graphicx 1999/02/16 v1.0f Enhanced LaTeX Graphics (DPC,SPQR)

(/usr/share/texlive/texmf-dist/tex/latex/graphics/keyval.sty
Package: keyval 1999/03/16 v1.13 key=value parser (DPC)
\KV@toks@=\toks15
)
(/usr/share/texlive/texmf-dist/tex/latex/graphics/graphics.sty
Package: graphics 2009/02/05 v1.0o Standard LaTeX Graphics (DPC,SPQR)

(/usr/share/texlive/texmf-dist/tex/latex/graphics/trig.sty
Package: trig 1999/03/16 v1.09 sin cos tan (DPC)
)
(/usr/share/texlive/texmf-dist/tex/latex/latexconfig/graphics.cfg
File: graphics.cfg 2010/04/23 v1.9 graphics configuration of TeX Live
)
Package graphics Info: Driver file: dvips.def on input line 91.

(/usr/share/texlive/texmf-dist/tex/latex/graphics/dvips.def
File: dvips.def 1999/02/16 v3.0i Driver-dependant file (DPC,SPQR)
))
\Gin@req@height=\dimen104
\Gin@req@width=\dimen105
)
\epsfxsize=\dimen106
\epsfysize=\dimen107
)
(./gz_hubble_data.aux

LaTeX Warning: Label `ferengi' multiply defined.


LaTeX Warning: Label `exampleFERENGI' multiply defined.

)
\openout1 = `gz_hubble_data.aux'.

LaTeX Font Info:    Checking defaults for OML/cmm/m/it on input line 44.
LaTeX Font Info:    ... okay on input line 44.
LaTeX Font Info:    Checking defaults for T1/cmr/m/n on input line 44.
LaTeX Font Info:    ... okay on input line 44.
LaTeX Font Info:    Checking defaults for OT1/cmr/m/n on input line 44.
LaTeX Font Info:    ... okay on input line 44.
LaTeX Font Info:    Checking defaults for OMS/cmsy/m/n on input line 44.
LaTeX Font Info:    ... okay on input line 44.
LaTeX Font Info:    Checking defaults for OMX/cmex/m/n on input line 44.
LaTeX Font Info:    ... okay on input line 44.
LaTeX Font Info:    Checking defaults for U/cmr/m/n on input line 44.
LaTeX Font Info:    ... okay on input line 44.
LaTeX Font Info:    External font `cmex10' loaded for size
(Font)              <14.4> on input line 71.
LaTeX Font Info:    External font `cmex10' loaded for size
(Font)              <7> on input line 71.
LaTeX Font Info:    External font `cmex10' loaded for size
(Font)              <8> on input line 71.
LaTeX Font Info:    External font `cmex10' loaded for size
(Font)              <6> on input line 71.
LaTeX Font Info:    External font `cmex10' loaded for size
(Font)              <5> on input line 71.

Underfull \hbox (badness 10000) in paragraph at lines 73--74

 []

LaTeX Font Info:    External font `cmex10' loaded for size
(Font)              <9> on input line 89.

Underfull \vbox (badness 4048) has occurred while \output is active []



LaTeX Warning: Reference `redshift' on page 1 undefined on input line 121.

File: example_ferengi2.ps Graphic file (type eps)
<example_ferengi2.ps>
LaTeX Font Info:    Try loading font information for OMS+cmr on input line 140.

 (/usr/share/texlive/texmf-dist/tex/latex/base/omscmr.fd
File: omscmr.fd 1999/05/25 v2.5h Standard LaTeX font definitions
)
LaTeX Font Info:    Font shape `OMS/cmr/m/n' in size <8> not available
(Font)              Font shape `OMS/cmsy/m/n' tried instead on input line 140.

[1


]
File: example_ferengi.ps Graphic file (type eps)
 <example_ferengi.ps>

LaTeX Warning: Reference `results1' on page 2 undefined on input line 204.


Underfull \vbox (badness 10000) has occurred while \output is active []

File: somewhat_fake_results.ps Graphic file (type eps)

<somewhat_fake_results.ps>
File: p_vs_p_SB_redshift.ps Graphic file (type eps)
 <p_vs_p_SB_redshift.ps>

LaTeX Warning: Float too large for page by 0.80067pt on input line 227.

[2]
Underfull \vbox (badness 10000) has occurred while \output is active []


Underfull \vbox (badness 10000) has occurred while \output is active []

 [3]
[4]
Underfull \hbox (badness 10000) in paragraph at lines 277--278
 \OT1/cmr/bx/n/9 AC-KNOWL-EDGE-MENTS. \OT1/cmr/m/n/9 This pub-li-ca-tion has
 []


Underfull \hbox (badness 6910) in paragraph at lines 277--278
\OT1/cmr/m/n/9 been made pos-si-ble by the par-tic-i-pa-tion of more
 []


Underfull \hbox (badness 2846) in paragraph at lines 277--278
\OT1/cmr/m/n/9 than 200,000 vol-un-teers in the Galaxy Zoo project.
 []


Underfull \hbox (badness 3646) in paragraph at lines 277--278
\OT1/cmr/m/n/9 Their con-tri-bu-tions are in-di-vid-u-ally ac-knowl-edged at
 []


Underfull \hbox (badness 2875) in paragraph at lines 277--278
\OT1/cmtt/m/n/9 http://www.galaxyzoo.org/volunteers\OT1/cmr/m/n/9 . Galaxy Zoo 
2
 []


Package natbib Warning: Empty `thebibliography' environment on input line 293.

[5] (./gz_hubble_data.aux)

LaTeX Warning: There were undefined references.


LaTeX Warning: There were multiply-defined labels.

 ) 
Here is how much of TeX's memory you used:
 1258 strings out of 493305
 13855 string characters out of 6139897
 87310 words of memory out of 5000000
 4745 multiletter control sequences out of 15000+600000
 13515 words of font info for 46 fonts, out of 8000000 for 9000
 957 hyphenation exceptions out of 8191
 32i,11n,34p,1367b,308s stack positions out of 5000i,500n,10000p,200000b,80000s

Output written on gz_hubble_data.dvi (5 pages, 24708 bytes).
